"00:17:52(51.806) [OS0: 00000000]: 
00:17:52(51.806) [OS0: 00000000]: NEW SCHEDULER SESSION STARTED
00:17:52(51.806) [OS0: 00000000]: Scheduling scheme is Shortest-Job-First with Pre-emptive priority
00:17:52(51.806) [OS0: 00000000]: Memory allocation policy is First Fit
00:17:52(52.146) [OS0: 00000000]: P1(4)  moved from READY to RUNNING state on CPU 0
00:17:55(54.886) [OS0: 00000001]: P2(5)  loaded into the READY queue [Memory=1 pages, Priority=2]
00:17:55(54.886) [OS0: 00000001]: P3(6)  loaded into the READY queue [Memory=1 pages, Priority=4]
00:17:58(57.983) [OS0: 00000004]: P4(7)  loaded into the READY queue [Memory=1 pages, Priority=1]
00:19:20(20.246) [OS0: 00000067]: P1(4)  terminated normally
00:19:20(20.246) [OS0: 00000067]: *** STATS FOR PROCESS P1(4) ***
00:19:20(20.246) [OS0: 00000067]: Elapsed Time = 00:01:28(28.100)
00:19:20(20.246) [OS0: 00000067]: Avg. Waiting Time = 0.34 sec
00:19:20(20.246) [OS0: 00000067]: Avg. Burst Period = 67
00:19:20(20.246) [OS0: 00000067]: Tick Count = 67
00:19:20(20.246) [OS0: 00000067]: Memory Swap Count = 0
00:19:21(20.761) [OS0: 00000068]: P2(5)  moved from READY to RUNNING state on CPU 0
00:21:04(04.160) [OS0: 00000147]: P2(5)  terminated normally
00:21:04(04.160) [OS0: 00000147]: *** STATS FOR PROCESS P2(5) ***
00:21:04(04.160) [OS0: 00000147]: Elapsed Time = 00:01:43(43.399)
00:21:04(04.160) [OS0: 00000147]: Avg. Waiting Time = 85.85 sec
00:21:04(04.160) [OS0: 00000147]: Avg. Burst Period = 79
00:21:04(04.160) [OS0: 00000147]: Tick Count = 79
00:21:04(04.160) [OS0: 00000147]: Memory Swap Count = 0
00:21:05(04.929) [OS0: 00000148]: P3(6)  moved from READY to RUNNING state on CPU 0
00:22:18(17.955) [OS0: 00000203]: P3(6)  terminated normally
00:22:18(17.955) [OS0: 00000203]: *** STATS FOR PROCESS P3(6) ***
00:22:18(17.955) [OS0: 00000203]: Elapsed Time = 00:01:13(13.026)
00:22:18(17.955) [OS0: 00000203]: Avg. Waiting Time = 190.02 sec
00:22:18(17.955) [OS0: 00000203]: Avg. Burst Period = 55
00:22:18(17.955) [OS0: 00000203]: Tick Count = 55
00:22:18(17.955) [OS0: 00000203]: Memory Swap Count = 0
00:22:18(18.238) [OS0: 00000204]: P4(7)  moved from READY to RUNNING state on CPU 0
00:23:16(16.186) [OS0: 00000247]: P4(7)  terminated normally
00:23:16(16.186) [OS0: 00000247]: *** STATS FOR PROCESS P4(7) ***
00:23:16(16.186) [OS0: 00000247]: Elapsed Time = 00:00:58(57.948)
00:23:16(16.186) [OS0: 00000247]: Avg. Waiting Time = 260.25 sec
00:23:16(16.186) [OS0: 00000247]: Avg. Burst Period = 43
00:23:16(16.186) [OS0: 00000247]: Tick Count = 43
00:23:16(16.186) [OS0: 00000247]: Memory Swap Count = 0
00:23:16(16.474) [OS0: 00000248]: Avg. Process Waiting Time = 134.12 sec
"
